<?xml version="1.0" encoding="UTF-8"?>
<testsuites name="CreateIssue-Test suite" time="1.064" tests="1" failures="0" errors="0">
   <testsuite name="CreateIssue-Test suite" tests="1" failures="0" errors="0" time="1.064" timestamp="2020-02-26 23:42:31" hostname="michaelshechter - michaels-mbp" id="Test Suites/CreateIssue-Test suite">
      <properties>
         <property name="deviceName" value=""/>
         <property name="devicePlatform" value=""/>
         <property name="logFolder" value="/Users/michaelshechter/Downloads/Katalon/Jira/Reports/20200226_234226/CreateIssue-Test suite/20200226_234226"/>
         <property name="logFiles" value="/Users/michaelshechter/Downloads/Katalon/Jira/Reports/20200226_234226/CreateIssue-Test suite/20200226_234226/execution0.log"/>
         <property name="attachments" value=""/>
         <property name="hostName" value="michaelshechter - michaels-mbp"/>
         <property name="hostAddress" value="10.100.102.7"/>
         <property name="os" value="Mac OS X 64bit"/>
         <property name="katalonVersion" value="7.2.1.1"/>
      </properties>
      <testcase name="Test Cases/Issue/controller" time="0.61" classname="Test Cases/Issue/controller" status="PASSED">
         <system-out><![CDATA[2020-02-26 23:42:32 - [TEST_CASE][PASSED] - Test Cases/Issue/controller: Test Cases/Issue/controller

2020-02-26 23:42:32 - [TEST_STEP][PASSED] - projectKey = "JA": null

2020-02-26 23:42:32 - [TEST_STEP][PASSED] - description = "This is Description": null

2020-02-26 23:42:32 - [TEST_STEP][PASSED] - summary = "This is Summary": null

2020-02-26 23:42:32 - [TEST_STEP][PASSED] - issueType = "Bug": null

2020-02-26 23:42:32 - [TEST_STEP][PASSED] - body = 
{
   
    "fields":{
      
       "project":
      {
         
          "key":"$projectKey"         

      },
      
       "summary":"$summary",
      
       "description":"$description",
      
       "customfield_10107":{
         "value":"FieldBug"
      },
      
       "customfield_10113":[
         {
            "value":"None"
         }
      ],
      
       "customfield_10114":"3.1.2.89",
      
       "customfield_10102":{
         
      "value":"Functional"

      },
      
    "customfield_10803":"AudioCodes Test",
      
    "customfield_10601":"2705",
      
    "customfield_10509":"180924-000152",
      
        "assignee":null,
      
            "reporter":{
         
      "name":"DanielSh"

      },
      
    "components":[
         
         {
            
        "name":"ETAS"

         }         

      ],
      
    "versions":[
         
         {
            
        "name":"VOCAVB7.7.5"

         }         

      ],
      
          "priority":{
         
      "name":"Medium"

      },
      
       "issuetype":{
         
          "name":"$issueType" 

      }      

   }   

}


: null

2020-02-26 23:42:32 - [TEST_STEP][PASSED] - crateIssueResponse = callTestCase(findTestCase("Test Cases/Issue/createIssue"), ["body":body], STOP_ON_FAILURE): Call Test Case 'Test Cases/Issue/createIssue' successfully

2020-02-26 23:42:32 - [TEST_CASE][PASSED] - Test Cases/Issue/createIssue: Test Cases/Issue/createIssue

2020-02-26 23:42:32 - [TEST_STEP][PASSED] - slurper = new groovy.json.JsonSlurper(): null

2020-02-26 23:42:32 - [TEST_STEP][PASSED] - userName = "michaelsh": null

2020-02-26 23:42:32 - [TEST_STEP][PASSED] - bugParams = bugParams: null

2020-02-26 23:42:32 - [TEST_STEP][PASSED] - println(bugParams): null

2020-02-26 23:42:32 - [TEST_STEP][PASSED] - createIssueRequest = findTestObject("REST/Issue/CreateIssue"): null

2020-02-26 23:42:32 - [TEST_STEP][PASSED] - println(createIssueRequest): null

2020-02-26 23:42:32 - [TEST_STEP][PASSED] - println(Body value = $body): null

2020-02-26 23:42:32 - [MESSAGE][INFO] - =================== Smart XPath Report =======================

2020-02-26 23:42:32 - [MESSAGE][INFO] - Refer to the link below to preview and approve auto healing on broken test objects.

2020-02-26 23:42:32 - [MESSAGE][INFO] - https://docs.katalon.com/katalon-studio/docs/auto-healing-smart-xpath.html

2020-02-26 23:42:32 - [MESSAGE][INFO] - ===============================================================

2020-02-26 23:42:32 - [MESSAGE][PASSED] - Call Test Case 'Test Cases/Issue/createIssue' successfully

2020-02-26 23:42:32 - [TEST_STEP][PASSED] - println(crateIssueResponse = $crateIssueResponse): null]]></system-out>
         <system-err><![CDATA[]]></system-err>
      </testcase>
      <system-out><![CDATA[2020-02-26 23:42:31 - [TEST_SUITE][PASSED] - CreateIssue-Test suite: Test Cases/Issue/controller]]></system-out>
      <system-err><![CDATA[]]></system-err>
   </testsuite>
</testsuites>
