<?xml version="1.0" encoding="UTF-8"?>
<testsuites name="CreateIssue-Test suite" time="0.93" tests="1" failures="0" errors="0">
   <testsuite name="CreateIssue-Test suite" tests="1" failures="0" errors="0" time="0.93" timestamp="2020-02-26 23:35:43" hostname="michaelshechter - michaels-mbp" id="Test Suites/CreateIssue-Test suite">
      <properties>
         <property name="deviceName" value=""/>
         <property name="devicePlatform" value=""/>
         <property name="logFolder" value="/Users/michaelshechter/Downloads/Katalon/Jira/Reports/20200226_233538/CreateIssue-Test suite/20200226_233538"/>
         <property name="logFiles" value="/Users/michaelshechter/Downloads/Katalon/Jira/Reports/20200226_233538/CreateIssue-Test suite/20200226_233538/execution0.log"/>
         <property name="attachments" value=""/>
         <property name="hostName" value="michaelshechter - michaels-mbp"/>
         <property name="hostAddress" value="10.100.102.7"/>
         <property name="os" value="Mac OS X 64bit"/>
         <property name="katalonVersion" value="7.2.1.1"/>
      </properties>
      <testcase name="Test Cases/Issue/createIssue" time="0.382" classname="Test Cases/Issue/createIssue" status="PASSED">
         <system-out><![CDATA[2020-02-26 23:35:43 - [TEST_CASE][PASSED] - Test Cases/Issue/createIssue: Test Cases/Issue/createIssue

2020-02-26 23:35:43 - [TEST_STEP][PASSED] - slurper = new groovy.json.JsonSlurper(): null

2020-02-26 23:35:43 - [TEST_STEP][PASSED] - userName = "michaelsh": null

2020-02-26 23:35:43 - [TEST_STEP][PASSED] - bugParams = bugParams: null

2020-02-26 23:35:43 - [TEST_STEP][PASSED] - println(bugParams): null

2020-02-26 23:35:43 - [TEST_STEP][PASSED] - createIssueRequest = findTestObject("REST/Issue/CreateIssue"): null

2020-02-26 23:35:43 - [TEST_STEP][PASSED] - println(createIssueRequest): null

2020-02-26 23:35:43 - [TEST_STEP][PASSED] - println(Body value = $body): null]]></system-out>
         <system-err><![CDATA[]]></system-err>
      </testcase>
      <system-out><![CDATA[2020-02-26 23:35:43 - [TEST_SUITE][PASSED] - CreateIssue-Test suite: Test Cases/Issue/createIssue]]></system-out>
      <system-err><![CDATA[]]></system-err>
   </testsuite>
</testsuites>
