<?xml version="1.0" encoding="UTF-8"?>
<testsuites name="CreateIssue" time="25.335" tests="2" failures="0" errors="0">
   <testsuite name="CreateIssue" tests="2" failures="0" errors="0" time="25.335" timestamp="2020-04-04 12:24:23" hostname="michaelshechter - 10.100.102.5" id="Test Suites/CreateIssue">
      <properties>
         <property name="deviceName" value=""/>
         <property name="devicePlatform" value=""/>
         <property name="logFolder" value="/Users/michaelshechter/git/Katalon_JIRA_REST/Reports/20200404_122408/CreateIssue/20200404_122408"/>
         <property name="logFiles" value="/Users/michaelshechter/git/Katalon_JIRA_REST/Reports/20200404_122408/CreateIssue/20200404_122408/execution0.log"/>
         <property name="attachments" value=""/>
         <property name="hostName" value="michaelshechter - 10.100.102.5"/>
         <property name="hostAddress" value="10.100.102.5"/>
         <property name="os" value="Mac OS X 64bit"/>
         <property name="katalonVersion" value="7.2.1.1"/>
      </properties>
      <testcase name="Test Cases/Issue/Controller" time="13.971" classname="Test Cases/Issue/Controller" status="PASSED">
         <system-out><![CDATA[2020-04-04 12:24:23 - [TEST_CASE][PASSED] - Test Cases/Issue/Controller: Test Cases/Issue/Controller

2020-04-04 12:24:24 - [TEST_STEP][PASSED] - requriedTransitionName = "": null

2020-04-04 12:24:24 - [TEST_STEP][PASSED] - body = 
{
   
    "fields":{
      
       "project":
      {
         
          "key":"$projectKey"         

      },
      
       "summary":"$summary",
      
       "description":"$description",
      
       "customfield_10107":{
         "value":"$typeOfBug"
      },
      
       "customfield_10113":[
         {
            "value":"$relevantPlatform"
         }
      ],
      
       "customfield_10114":"$foundInBuild",
      
       "customfield_10102":{
         
      "value":"$bugType"

      },
      
        "assignee":{"name":"$assignee"
},
                "reporter":{
         
      "name":"$reporter"

      },
      
    "components":[
         
         {
            
        "name":"$component"

         }         

      ],
      
    "versions":[
         
         {
            
        "name":"$version"

         }         

      ],
      
          "priority":{
         
      "name":"$priority"

      },
      
       "issuetype":{
         
          "name":"$issueType" 

      }      

   }   

}

: null

2020-04-04 12:24:24 - [TEST_STEP][PASSED] - callTestCase(findTestCase("Issue/Create_Issue"), ["body":body], STOP_ON_FAILURE): Call Test Case 'Test Cases/Issue/Create_Issue' successfully

2020-04-04 12:24:24 - [TEST_CASE][PASSED] - Test Cases/Issue/Create_Issue: Test Cases/Issue/Create_Issue

2020-04-04 12:24:24 - [TEST_STEP][PASSED] - slurper = new groovy.json.JsonSlurper(): null

2020-04-04 12:24:24 - [TEST_STEP][PASSED] - createIssueRequest = findTestObject("REST/Issue/CreateIssue"): null

2020-04-04 12:24:24 - [TEST_STEP][PASSED] - try: null

2020-04-04 12:24:24 - [TEST_STEP][PASSED] - createIssueRequest.setBodyContent(new com.kms.katalon.core.testobject.impl.HttpTextBodyContent(body, UTF-8, application/json)): null

2020-04-04 12:24:24 - [TEST_STEP][PASSED] - println(createIssueRequest): null

2020-04-04 12:24:24 - [TEST_STEP][PASSED] - response = sendRequest(createIssueRequest): Send request successfully

2020-04-04 12:24:29 - [MESSAGE][INFO] - HAR: /Users/michaelshechter/git/Katalon_JIRA_REST/Reports/20200404_122408/CreateIssue/20200404_122408/requests/main/0.har

2020-04-04 12:24:29 - [MESSAGE][PASSED] - Send request successfully

2020-04-04 12:24:29 - [TEST_STEP][PASSED] - println(response): null

2020-04-04 12:24:29 - [TEST_STEP][PASSED] - response = slurper.parseText(response.getResponseBodyContent()): null

2020-04-04 12:24:29 - [MESSAGE][PASSED] - Call Test Case 'Test Cases/Issue/Create_Issue' successfully

2020-04-04 12:24:29 - [TEST_STEP][PASSED] - println(response): null

2020-04-04 12:24:29 - [TEST_STEP][PASSED] - issueKey = key: null

2020-04-04 12:24:29 - [TEST_STEP][PASSED] - id = id: null

2020-04-04 12:24:29 - [TEST_STEP][PASSED] - println(issue key = $issueKey | key = $id): null

2020-04-04 12:24:29 - [TEST_STEP][PASSED] - callTestCase(findTestCase("Issue/getTransition"), ["issueKey":issueKey], STOP_ON_FAILURE): Call Test Case 'Test Cases/Issue/getTransition' successfully

2020-04-04 12:24:29 - [TEST_CASE][PASSED] - Test Cases/Issue/getTransition: Test Cases/Issue/getTransition

2020-04-04 12:24:29 - [TEST_STEP][PASSED] - slurper = new groovy.json.JsonSlurper(): null

2020-04-04 12:24:29 - [TEST_STEP][PASSED] - println("###  in getTransition testCase"): null

2020-04-04 12:24:29 - [TEST_STEP][PASSED] - println(issueKey): null

2020-04-04 12:24:29 - [TEST_STEP][PASSED] - getTransitionRequest = findTestObject("REST/Issue/GetTransition"): null

2020-04-04 12:24:30 - [TEST_STEP][PASSED] - try: null

2020-04-04 12:24:30 - [TEST_STEP][PASSED] - println(getTransitionRequest): null

2020-04-04 12:24:30 - [TEST_STEP][PASSED] - getTransitionRequest.setRestUrl(https://$GlobalVariable.URL/issue/$issueKey/transitions): null

2020-04-04 12:24:30 - [TEST_STEP][PASSED] - response = sendRequest(getTransitionRequest): Send request successfully

2020-04-04 12:24:31 - [MESSAGE][INFO] - HAR: /Users/michaelshechter/git/Katalon_JIRA_REST/Reports/20200404_122408/CreateIssue/20200404_122408/requests/main/1.har

2020-04-04 12:24:31 - [MESSAGE][PASSED] - Send request successfully

2020-04-04 12:24:31 - [TEST_STEP][PASSED] - response = slurper.parseText(response.getResponseBodyContent()): null

2020-04-04 12:24:31 - [MESSAGE][PASSED] - Call Test Case 'Test Cases/Issue/getTransition' successfully

2020-04-04 12:24:31 - [TEST_STEP][PASSED] - println(### get transition response from  controller  = $GlobalVariable.response  #####): null

2020-04-04 12:24:31 - [TEST_STEP][PASSED] - transitions.each({ -> ... }): null

2020-04-04 12:24:31 - [TEST_STEP][PASSED] - println(response): null

2020-04-04 12:24:31 - [TEST_STEP][PASSED] - requriedTransitionName = "In Progress": null

2020-04-04 12:24:31 - [TEST_STEP][PASSED] - transitionId = id: null

2020-04-04 12:24:31 - [TEST_STEP][PASSED] - println(transitionId = $transitionId): null

2020-04-04 12:24:31 - [TEST_STEP][PASSED] - body = "
{
   "fields":{
   "fixVersions":[
                  {
                    "name":"SBC-M3100"
         } 
      ],
      "description":"test-rest input1"
   },
   "transition":{
      "id":"121"
   }
}
": null

2020-04-04 12:24:31 - [TEST_STEP][PASSED] - callTestCase(findTestCase("Issue/Transition_Issue"), ["issueKey":issueKey, "transitionId":transitionId, "body":body], STOP_ON_FAILURE): Call Test Case 'Test Cases/Issue/Transition_Issue' successfully

2020-04-04 12:24:31 - [TEST_CASE][PASSED] - Test Cases/Issue/Transition_Issue: Test Cases/Issue/Transition_Issue

2020-04-04 12:24:31 - [TEST_STEP][PASSED] - slurper = new groovy.json.JsonSlurper(): null

2020-04-04 12:24:31 - [TEST_STEP][PASSED] - println("###  in transition issue testCase"): null

2020-04-04 12:24:31 - [TEST_STEP][PASSED] - println(issueKey): null

2020-04-04 12:24:31 - [TEST_STEP][PASSED] - println(transitionId inside test case = $transitionId): null

2020-04-04 12:24:31 - [TEST_STEP][PASSED] - transitionRequest = findTestObject("REST/Issue/TransitionIssue"): null

2020-04-04 12:24:31 - [TEST_STEP][PASSED] - try: Send request successfully

2020-04-04 12:24:31 - [TEST_STEP][PASSED] - transitionRequest.setRestUrl(https://$GlobalVariable.URL/issue/$issueKey/transitions): null

2020-04-04 12:24:31 - [TEST_STEP][PASSED] - transitionRequest.setBodyContent(new com.kms.katalon.core.testobject.impl.HttpTextBodyContent(body, UTF-8, application/json)): null

2020-04-04 12:24:31 - [TEST_STEP][PASSED] - sendRequest(transitionRequest): Send request successfully

2020-04-04 12:24:33 - [MESSAGE][INFO] - HAR: /Users/michaelshechter/git/Katalon_JIRA_REST/Reports/20200404_122408/CreateIssue/20200404_122408/requests/main/2.har

2020-04-04 12:24:33 - [MESSAGE][PASSED] - Send request successfully

2020-04-04 12:24:33 - [MESSAGE][PASSED] - Call Test Case 'Test Cases/Issue/Transition_Issue' successfully

2020-04-04 12:24:33 - [TEST_STEP][PASSED] - requriedTransitionName = "Done": null

2020-04-04 12:24:33 - [TEST_STEP][PASSED] - callTestCase(findTestCase("Issue/getTransition"), ["issueKey":issueKey], STOP_ON_FAILURE): Call Test Case 'Test Cases/Issue/getTransition' successfully

2020-04-04 12:24:34 - [TEST_CASE][PASSED] - Test Cases/Issue/getTransition: Test Cases/Issue/getTransition

2020-04-04 12:24:34 - [TEST_STEP][PASSED] - slurper = new groovy.json.JsonSlurper(): null

2020-04-04 12:24:34 - [TEST_STEP][PASSED] - println("###  in getTransition testCase"): null

2020-04-04 12:24:34 - [TEST_STEP][PASSED] - println(issueKey): null

2020-04-04 12:24:34 - [TEST_STEP][PASSED] - getTransitionRequest = findTestObject("REST/Issue/GetTransition"): null

2020-04-04 12:24:34 - [TEST_STEP][PASSED] - try: null

2020-04-04 12:24:34 - [TEST_STEP][PASSED] - println(getTransitionRequest): null

2020-04-04 12:24:34 - [TEST_STEP][PASSED] - getTransitionRequest.setRestUrl(https://$GlobalVariable.URL/issue/$issueKey/transitions): null

2020-04-04 12:24:34 - [TEST_STEP][PASSED] - response = sendRequest(getTransitionRequest): Send request successfully

2020-04-04 12:24:35 - [MESSAGE][INFO] - HAR: /Users/michaelshechter/git/Katalon_JIRA_REST/Reports/20200404_122408/CreateIssue/20200404_122408/requests/main/3.har

2020-04-04 12:24:35 - [MESSAGE][PASSED] - Send request successfully

2020-04-04 12:24:35 - [TEST_STEP][PASSED] - response = slurper.parseText(response.getResponseBodyContent()): null

2020-04-04 12:24:35 - [MESSAGE][PASSED] - Call Test Case 'Test Cases/Issue/getTransition' successfully

2020-04-04 12:24:35 - [TEST_STEP][PASSED] - transitionId = id: null

2020-04-04 12:24:35 - [TEST_STEP][PASSED] - body = 
{
   "fields":{
   "resolution": {
                "name": "Tested"
            }
   },
   "transition":{
      "id":"$transitionId"
   }
}
: null

2020-04-04 12:24:35 - [TEST_STEP][PASSED] - callTestCase(findTestCase("Issue/Transition_Issue"), ["issueKey":issueKey, "transitionId":transitionId, "body":body], STOP_ON_FAILURE): Call Test Case 'Test Cases/Issue/Transition_Issue' successfully

2020-04-04 12:24:35 - [TEST_CASE][PASSED] - Test Cases/Issue/Transition_Issue: Test Cases/Issue/Transition_Issue

2020-04-04 12:24:35 - [TEST_STEP][PASSED] - slurper = new groovy.json.JsonSlurper(): null

2020-04-04 12:24:35 - [TEST_STEP][PASSED] - println("###  in transition issue testCase"): null

2020-04-04 12:24:35 - [TEST_STEP][PASSED] - println(issueKey): null

2020-04-04 12:24:35 - [TEST_STEP][PASSED] - println(transitionId inside test case = $transitionId): null

2020-04-04 12:24:35 - [TEST_STEP][PASSED] - transitionRequest = findTestObject("REST/Issue/TransitionIssue"): null

2020-04-04 12:24:35 - [TEST_STEP][PASSED] - try: Send request successfully

2020-04-04 12:24:35 - [TEST_STEP][PASSED] - transitionRequest.setRestUrl(https://$GlobalVariable.URL/issue/$issueKey/transitions): null

2020-04-04 12:24:35 - [TEST_STEP][PASSED] - transitionRequest.setBodyContent(new com.kms.katalon.core.testobject.impl.HttpTextBodyContent(body, UTF-8, application/json)): null

2020-04-04 12:24:35 - [TEST_STEP][PASSED] - sendRequest(transitionRequest): Send request successfully

2020-04-04 12:24:37 - [MESSAGE][INFO] - HAR: /Users/michaelshechter/git/Katalon_JIRA_REST/Reports/20200404_122408/CreateIssue/20200404_122408/requests/main/4.har

2020-04-04 12:24:37 - [MESSAGE][PASSED] - Send request successfully

2020-04-04 12:24:37 - [MESSAGE][PASSED] - Call Test Case 'Test Cases/Issue/Transition_Issue' successfully]]></system-out>
         <system-err><![CDATA[]]></system-err>
      </testcase>
      <testcase name="Test Cases/Issue/Controller" time="11.004" classname="Test Cases/Issue/Controller" status="PASSED">
         <system-out><![CDATA[2020-04-04 12:24:37 - [TEST_CASE][PASSED] - Test Cases/Issue/Controller: Test Cases/Issue/Controller

2020-04-04 12:24:37 - [TEST_STEP][PASSED] - requriedTransitionName = "": null

2020-04-04 12:24:37 - [TEST_STEP][PASSED] - body = 
{
   
    "fields":{
      
       "project":
      {
         
          "key":"$projectKey"         

      },
      
       "summary":"$summary",
      
       "description":"$description",
      
       "customfield_10107":{
         "value":"$typeOfBug"
      },
      
       "customfield_10113":[
         {
            "value":"$relevantPlatform"
         }
      ],
      
       "customfield_10114":"$foundInBuild",
      
       "customfield_10102":{
         
      "value":"$bugType"

      },
      
        "assignee":{"name":"$assignee"
},
                "reporter":{
         
      "name":"$reporter"

      },
      
    "components":[
         
         {
            
        "name":"$component"

         }         

      ],
      
    "versions":[
         
         {
            
        "name":"$version"

         }         

      ],
      
          "priority":{
         
      "name":"$priority"

      },
      
       "issuetype":{
         
          "name":"$issueType" 

      }      

   }   

}

: null

2020-04-04 12:24:37 - [TEST_STEP][PASSED] - callTestCase(findTestCase("Issue/Create_Issue"), ["body":body], STOP_ON_FAILURE): Call Test Case 'Test Cases/Issue/Create_Issue' successfully

2020-04-04 12:24:37 - [TEST_CASE][PASSED] - Test Cases/Issue/Create_Issue: Test Cases/Issue/Create_Issue

2020-04-04 12:24:37 - [TEST_STEP][PASSED] - slurper = new groovy.json.JsonSlurper(): null

2020-04-04 12:24:37 - [TEST_STEP][PASSED] - createIssueRequest = findTestObject("REST/Issue/CreateIssue"): null

2020-04-04 12:24:38 - [TEST_STEP][PASSED] - try: null

2020-04-04 12:24:38 - [TEST_STEP][PASSED] - createIssueRequest.setBodyContent(new com.kms.katalon.core.testobject.impl.HttpTextBodyContent(body, UTF-8, application/json)): null

2020-04-04 12:24:38 - [TEST_STEP][PASSED] - println(createIssueRequest): null

2020-04-04 12:24:38 - [TEST_STEP][PASSED] - response = sendRequest(createIssueRequest): Send request successfully

2020-04-04 12:24:41 - [MESSAGE][INFO] - HAR: /Users/michaelshechter/git/Katalon_JIRA_REST/Reports/20200404_122408/CreateIssue/20200404_122408/requests/main/5.har

2020-04-04 12:24:41 - [MESSAGE][PASSED] - Send request successfully

2020-04-04 12:24:41 - [TEST_STEP][PASSED] - println(response): null

2020-04-04 12:24:41 - [TEST_STEP][PASSED] - response = slurper.parseText(response.getResponseBodyContent()): null

2020-04-04 12:24:41 - [MESSAGE][PASSED] - Call Test Case 'Test Cases/Issue/Create_Issue' successfully

2020-04-04 12:24:41 - [TEST_STEP][PASSED] - println(response): null

2020-04-04 12:24:41 - [TEST_STEP][PASSED] - issueKey = key: null

2020-04-04 12:24:41 - [TEST_STEP][PASSED] - id = id: null

2020-04-04 12:24:41 - [TEST_STEP][PASSED] - println(issue key = $issueKey | key = $id): null

2020-04-04 12:24:41 - [TEST_STEP][PASSED] - callTestCase(findTestCase("Issue/getTransition"), ["issueKey":issueKey], STOP_ON_FAILURE): Call Test Case 'Test Cases/Issue/getTransition' successfully

2020-04-04 12:24:41 - [TEST_CASE][PASSED] - Test Cases/Issue/getTransition: Test Cases/Issue/getTransition

2020-04-04 12:24:41 - [TEST_STEP][PASSED] - slurper = new groovy.json.JsonSlurper(): null

2020-04-04 12:24:41 - [TEST_STEP][PASSED] - println("###  in getTransition testCase"): null

2020-04-04 12:24:41 - [TEST_STEP][PASSED] - println(issueKey): null

2020-04-04 12:24:41 - [TEST_STEP][PASSED] - getTransitionRequest = findTestObject("REST/Issue/GetTransition"): null

2020-04-04 12:24:41 - [TEST_STEP][PASSED] - try: null

2020-04-04 12:24:41 - [TEST_STEP][PASSED] - println(getTransitionRequest): null

2020-04-04 12:24:41 - [TEST_STEP][PASSED] - getTransitionRequest.setRestUrl(https://$GlobalVariable.URL/issue/$issueKey/transitions): null

2020-04-04 12:24:41 - [TEST_STEP][PASSED] - response = sendRequest(getTransitionRequest): Send request successfully

2020-04-04 12:24:42 - [MESSAGE][INFO] - HAR: /Users/michaelshechter/git/Katalon_JIRA_REST/Reports/20200404_122408/CreateIssue/20200404_122408/requests/main/6.har

2020-04-04 12:24:42 - [MESSAGE][PASSED] - Send request successfully

2020-04-04 12:24:42 - [TEST_STEP][PASSED] - response = slurper.parseText(response.getResponseBodyContent()): null

2020-04-04 12:24:42 - [MESSAGE][PASSED] - Call Test Case 'Test Cases/Issue/getTransition' successfully

2020-04-04 12:24:42 - [TEST_STEP][PASSED] - println(### get transition response from  controller  = $GlobalVariable.response  #####): null

2020-04-04 12:24:42 - [TEST_STEP][PASSED] - transitions.each({ -> ... }): null

2020-04-04 12:24:42 - [TEST_STEP][PASSED] - println(response): null

2020-04-04 12:24:42 - [TEST_STEP][PASSED] - requriedTransitionName = "In Progress": null

2020-04-04 12:24:42 - [TEST_STEP][PASSED] - transitionId = id: null

2020-04-04 12:24:42 - [TEST_STEP][PASSED] - println(transitionId = $transitionId): null

2020-04-04 12:24:42 - [TEST_STEP][PASSED] - body = "
{
   "fields":{
   "fixVersions":[
                  {
                    "name":"SBC-M3100"
         } 
      ],
      "description":"test-rest input1"
   },
   "transition":{
      "id":"121"
   }
}
": null

2020-04-04 12:24:42 - [TEST_STEP][PASSED] - callTestCase(findTestCase("Issue/Transition_Issue"), ["issueKey":issueKey, "transitionId":transitionId, "body":body], STOP_ON_FAILURE): Call Test Case 'Test Cases/Issue/Transition_Issue' successfully

2020-04-04 12:24:42 - [TEST_CASE][PASSED] - Test Cases/Issue/Transition_Issue: Test Cases/Issue/Transition_Issue

2020-04-04 12:24:42 - [TEST_STEP][PASSED] - slurper = new groovy.json.JsonSlurper(): null

2020-04-04 12:24:42 - [TEST_STEP][PASSED] - println("###  in transition issue testCase"): null

2020-04-04 12:24:42 - [TEST_STEP][PASSED] - println(issueKey): null

2020-04-04 12:24:42 - [TEST_STEP][PASSED] - println(transitionId inside test case = $transitionId): null

2020-04-04 12:24:42 - [TEST_STEP][PASSED] - transitionRequest = findTestObject("REST/Issue/TransitionIssue"): null

2020-04-04 12:24:42 - [TEST_STEP][PASSED] - try: Send request successfully

2020-04-04 12:24:42 - [TEST_STEP][PASSED] - transitionRequest.setRestUrl(https://$GlobalVariable.URL/issue/$issueKey/transitions): null

2020-04-04 12:24:42 - [TEST_STEP][PASSED] - transitionRequest.setBodyContent(new com.kms.katalon.core.testobject.impl.HttpTextBodyContent(body, UTF-8, application/json)): null

2020-04-04 12:24:42 - [TEST_STEP][PASSED] - sendRequest(transitionRequest): Send request successfully

2020-04-04 12:24:45 - [MESSAGE][INFO] - HAR: /Users/michaelshechter/git/Katalon_JIRA_REST/Reports/20200404_122408/CreateIssue/20200404_122408/requests/main/7.har

2020-04-04 12:24:45 - [MESSAGE][PASSED] - Send request successfully

2020-04-04 12:24:45 - [MESSAGE][PASSED] - Call Test Case 'Test Cases/Issue/Transition_Issue' successfully

2020-04-04 12:24:45 - [TEST_STEP][PASSED] - requriedTransitionName = "Done": null

2020-04-04 12:24:45 - [TEST_STEP][PASSED] - callTestCase(findTestCase("Issue/getTransition"), ["issueKey":issueKey], STOP_ON_FAILURE): Call Test Case 'Test Cases/Issue/getTransition' successfully

2020-04-04 12:24:45 - [TEST_CASE][PASSED] - Test Cases/Issue/getTransition: Test Cases/Issue/getTransition

2020-04-04 12:24:45 - [TEST_STEP][PASSED] - slurper = new groovy.json.JsonSlurper(): null

2020-04-04 12:24:45 - [TEST_STEP][PASSED] - println("###  in getTransition testCase"): null

2020-04-04 12:24:45 - [TEST_STEP][PASSED] - println(issueKey): null

2020-04-04 12:24:45 - [TEST_STEP][PASSED] - getTransitionRequest = findTestObject("REST/Issue/GetTransition"): null

2020-04-04 12:24:45 - [TEST_STEP][PASSED] - try: null

2020-04-04 12:24:45 - [TEST_STEP][PASSED] - println(getTransitionRequest): null

2020-04-04 12:24:45 - [TEST_STEP][PASSED] - getTransitionRequest.setRestUrl(https://$GlobalVariable.URL/issue/$issueKey/transitions): null

2020-04-04 12:24:45 - [TEST_STEP][PASSED] - response = sendRequest(getTransitionRequest): Send request successfully

2020-04-04 12:24:46 - [MESSAGE][INFO] - HAR: /Users/michaelshechter/git/Katalon_JIRA_REST/Reports/20200404_122408/CreateIssue/20200404_122408/requests/main/8.har

2020-04-04 12:24:46 - [MESSAGE][PASSED] - Send request successfully

2020-04-04 12:24:46 - [TEST_STEP][PASSED] - response = slurper.parseText(response.getResponseBodyContent()): null

2020-04-04 12:24:46 - [MESSAGE][PASSED] - Call Test Case 'Test Cases/Issue/getTransition' successfully

2020-04-04 12:24:46 - [TEST_STEP][PASSED] - transitionId = id: null

2020-04-04 12:24:46 - [TEST_STEP][PASSED] - body = 
{
   "fields":{
   "resolution": {
                "name": "Tested"
            }
   },
   "transition":{
      "id":"$transitionId"
   }
}
: null

2020-04-04 12:24:46 - [TEST_STEP][PASSED] - callTestCase(findTestCase("Issue/Transition_Issue"), ["issueKey":issueKey, "transitionId":transitionId, "body":body], STOP_ON_FAILURE): Call Test Case 'Test Cases/Issue/Transition_Issue' successfully

2020-04-04 12:24:46 - [TEST_CASE][PASSED] - Test Cases/Issue/Transition_Issue: Test Cases/Issue/Transition_Issue

2020-04-04 12:24:46 - [TEST_STEP][PASSED] - slurper = new groovy.json.JsonSlurper(): null

2020-04-04 12:24:46 - [TEST_STEP][PASSED] - println("###  in transition issue testCase"): null

2020-04-04 12:24:46 - [TEST_STEP][PASSED] - println(issueKey): null

2020-04-04 12:24:46 - [TEST_STEP][PASSED] - println(transitionId inside test case = $transitionId): null

2020-04-04 12:24:46 - [TEST_STEP][PASSED] - transitionRequest = findTestObject("REST/Issue/TransitionIssue"): null

2020-04-04 12:24:46 - [TEST_STEP][PASSED] - try: Send request successfully

2020-04-04 12:24:46 - [TEST_STEP][PASSED] - transitionRequest.setRestUrl(https://$GlobalVariable.URL/issue/$issueKey/transitions): null

2020-04-04 12:24:46 - [TEST_STEP][PASSED] - transitionRequest.setBodyContent(new com.kms.katalon.core.testobject.impl.HttpTextBodyContent(body, UTF-8, application/json)): null

2020-04-04 12:24:46 - [TEST_STEP][PASSED] - sendRequest(transitionRequest): Send request successfully

2020-04-04 12:24:48 - [MESSAGE][INFO] - HAR: /Users/michaelshechter/git/Katalon_JIRA_REST/Reports/20200404_122408/CreateIssue/20200404_122408/requests/main/9.har

2020-04-04 12:24:48 - [MESSAGE][PASSED] - Send request successfully

2020-04-04 12:24:48 - [MESSAGE][PASSED] - Call Test Case 'Test Cases/Issue/Transition_Issue' successfully]]></system-out>
         <system-err><![CDATA[]]></system-err>
      </testcase>
      <system-out><![CDATA[2020-04-04 12:24:23 - [TEST_SUITE][PASSED] - CreateIssue: Test Cases/Issue/Controller]]></system-out>
      <system-err><![CDATA[]]></system-err>
   </testsuite>
</testsuites>
